2019-01-23 11:04:51.859  INFO 832 --- [restartedMain] com.lishuai.BlogApplication              : Starting BlogApplication on PCQUNAR-O7LJDR3 with PID 832 (E:\JAVA\new_myblog\blog\target\classes started by shui.li in E:\JAVA\new_myblog\blog)
2019-01-23 11:04:51.861  INFO 832 --- [restartedMain] com.lishuai.BlogApplication              : The following profiles are active: pro
2019-01-23 11:04:59.606  INFO 832 --- [restartedMain] com.lishuai.BlogApplication              : Started BlogApplication in 8.518 seconds (JVM running for 9.79)
2019-01-23 11:09:56.839  INFO 8504 --- [restartedMain] com.lishuai.BlogApplication              : Starting BlogApplication on PCQUNAR-O7LJDR3 with PID 8504 (E:\JAVA\new_myblog\blog\target\classes started by shui.li in E:\JAVA\new_myblog\blog)
2019-01-23 11:09:56.841  INFO 8504 --- [restartedMain] com.lishuai.BlogApplication              : The following profiles are active: pro
2019-01-23 11:10:04.819  INFO 8504 --- [restartedMain] com.lishuai.BlogApplication              : Started BlogApplication in 8.53 seconds (JVM running for 9.811)
2019-01-23 11:29:43.727  INFO 9200 --- [main] com.lishuai.BlogApplicationTests         : Starting BlogApplicationTests on PCQUNAR-O7LJDR3 with PID 9200 (started by shui.li in E:\JAVA\new_myblog\blog)
2019-01-23 11:29:43.730  INFO 9200 --- [main] com.lishuai.BlogApplicationTests         : The following profiles are active: pro
2019-01-23 11:29:54.232  INFO 9200 --- [main] com.lishuai.BlogApplicationTests         : Started BlogApplicationTests in 11.219 seconds (JVM running for 12.316)
2019-01-23 11:30:46.766  INFO 8176 --- [main] com.lishuai.BlogApplicationTests         : Starting BlogApplicationTests on PCQUNAR-O7LJDR3 with PID 8176 (started by shui.li in E:\JAVA\new_myblog\blog)
2019-01-23 11:30:46.768  INFO 8176 --- [main] com.lishuai.BlogApplicationTests         : The following profiles are active: pro
2019-01-23 11:30:57.398  INFO 8176 --- [main] com.lishuai.BlogApplicationTests         : Started BlogApplicationTests in 11.275 seconds (JVM running for 12.256)
2019-01-23 14:07:04.148  INFO 9632 --- [restartedMain] com.lishuai.BlogApplication              : Starting BlogApplication on PCQUNAR-O7LJDR3 with PID 9632 (E:\JAVA\new_myblog\blog\target\classes started by shui.li in E:\JAVA\new_myblog\blog)
2019-01-23 14:07:04.150  INFO 9632 --- [restartedMain] com.lishuai.BlogApplication              : The following profiles are active: pro
2019-01-23 14:07:12.990  INFO 9632 --- [restartedMain] com.lishuai.BlogApplication              : Started BlogApplication in 9.66 seconds (JVM running for 11.023)
2019-01-23 14:07:32.457  INFO 9632 --- [http-nio-8080-exec-1] com.lishuai.aspect.LogAspect             : Request : {url='http://localhost:8080/', ip='0:0:0:0:0:0:0:1', classMethod='com.lishuai.web.IndexController.index', args=[Page request [number: 0, size 8, sort: updateTime: DESC], {}]}
2019-01-23 14:07:32.577  WARN 9632 --- [http-nio-8080-exec-1] org.hibernate.orm.deprecation            : HHH90000016: Found use of deprecated 'collection property' syntax in HQL/JPQL query [null.size]; use collection function syntax instead [size(null)].
2019-01-23 14:07:32.595  WARN 9632 --- [http-nio-8080-exec-1] org.hibernate.orm.deprecation            : HHH90000016: Found use of deprecated 'collection property' syntax in HQL/JPQL query [null.size]; use collection function syntax instead [size(null)].
2019-01-23 14:07:32.614  INFO 9632 --- [http-nio-8080-exec-1] com.lishuai.aspect.LogAspect             : Result : index
2019-01-23 14:07:38.175  INFO 9632 --- [http-nio-8080-exec-2] com.lishuai.aspect.LogAspect             : Request : {url='http://localhost:8080/footer/newblog', ip='0:0:0:0:0:0:0:1', classMethod='com.lishuai.web.IndexController.newblogs', args=[{}]}
2019-01-23 14:07:38.192  INFO 9632 --- [http-nio-8080-exec-2] com.lishuai.aspect.LogAspect             : Result : _fragments :: newblogList
2019-01-23 14:07:47.102  INFO 9632 --- [http-nio-8080-exec-6] com.lishuai.aspect.LogAspect             : Request : {url='http://localhost:8080/about', ip='0:0:0:0:0:0:0:1', classMethod='com.lishuai.web.AboutShowController.about', args=[]}
2019-01-23 14:07:47.106  INFO 9632 --- [http-nio-8080-exec-6] com.lishuai.aspect.LogAspect             : Result : about
2019-01-23 14:07:47.468  INFO 9632 --- [http-nio-8080-exec-7] com.lishuai.aspect.LogAspect             : Request : {url='http://localhost:8080/footer/newblog', ip='0:0:0:0:0:0:0:1', classMethod='com.lishuai.web.IndexController.newblogs', args=[{}]}
2019-01-23 14:07:47.483  INFO 9632 --- [http-nio-8080-exec-7] com.lishuai.aspect.LogAspect             : Result : _fragments :: newblogList
2019-01-23 14:11:23.346  INFO 11068 --- [restartedMain] com.lishuai.BlogApplication              : Starting BlogApplication on PCQUNAR-O7LJDR3 with PID 11068 (E:\JAVA\new_myblog\blog\target\classes started by shui.li in E:\JAVA\new_myblog\blog)
2019-01-23 14:11:23.347  INFO 11068 --- [restartedMain] com.lishuai.BlogApplication              : The following profiles are active: pro
2019-01-23 14:11:31.101  INFO 11068 --- [restartedMain] com.lishuai.BlogApplication              : Started BlogApplication in 8.358 seconds (JVM running for 9.665)
2019-01-23 14:12:45.801  INFO 11068 --- [http-nio-8080-exec-1] com.lishuai.aspect.LogAspect             : Request : {url='http://localhost:8080/about', ip='0:0:0:0:0:0:0:1', classMethod='com.lishuai.web.AboutShowController.about', args=[]}
2019-01-23 14:12:45.807  INFO 11068 --- [http-nio-8080-exec-1] com.lishuai.aspect.LogAspect             : Result : about
2019-01-23 14:12:46.636  INFO 11068 --- [http-nio-8080-exec-3] com.lishuai.aspect.LogAspect             : Request : {url='http://localhost:8080/footer/newblog', ip='0:0:0:0:0:0:0:1', classMethod='com.lishuai.web.IndexController.newblogs', args=[{}]}
2019-01-23 14:12:46.718  INFO 11068 --- [http-nio-8080-exec-3] com.lishuai.aspect.LogAspect             : Result : _fragments :: newblogList
2019-01-23 14:13:40.718  INFO 10916 --- [restartedMain] com.lishuai.BlogApplication              : Starting BlogApplication on PCQUNAR-O7LJDR3 with PID 10916 (E:\JAVA\new_myblog\blog\target\classes started by shui.li in E:\JAVA\new_myblog\blog)
2019-01-23 14:13:40.720  INFO 10916 --- [restartedMain] com.lishuai.BlogApplication              : The following profiles are active: pro
2019-01-23 14:13:48.030  INFO 10916 --- [restartedMain] com.lishuai.BlogApplication              : Started BlogApplication in 7.926 seconds (JVM running for 9.073)
2019-01-23 14:14:57.485  INFO 10916 --- [http-nio-8080-exec-1] com.lishuai.aspect.LogAspect             : Request : {url='http://localhost:8080/about', ip='0:0:0:0:0:0:0:1', classMethod='com.lishuai.web.AboutShowController.about', args=[]}
2019-01-23 14:14:57.489  INFO 10916 --- [http-nio-8080-exec-1] com.lishuai.aspect.LogAspect             : Result : about
2019-01-23 14:14:58.296  INFO 10916 --- [http-nio-8080-exec-3] com.lishuai.aspect.LogAspect             : Request : {url='http://localhost:8080/footer/newblog', ip='0:0:0:0:0:0:0:1', classMethod='com.lishuai.web.IndexController.newblogs', args=[{}]}
2019-01-23 14:14:58.361  INFO 10916 --- [http-nio-8080-exec-3] com.lishuai.aspect.LogAspect             : Result : _fragments :: newblogList
2019-01-23 14:15:34.405  INFO 4604 --- [restartedMain] com.lishuai.BlogApplication              : Starting BlogApplication on PCQUNAR-O7LJDR3 with PID 4604 (E:\JAVA\new_myblog\blog\target\classes started by shui.li in E:\JAVA\new_myblog\blog)
2019-01-23 14:15:34.406  INFO 4604 --- [restartedMain] com.lishuai.BlogApplication              : The following profiles are active: pro
2019-01-23 14:15:42.006  INFO 4604 --- [restartedMain] com.lishuai.BlogApplication              : Started BlogApplication in 8.195 seconds (JVM running for 9.519)
2019-01-23 14:15:52.111  INFO 4604 --- [http-nio-8080-exec-1] com.lishuai.aspect.LogAspect             : Request : {url='http://localhost:8080/about', ip='0:0:0:0:0:0:0:1', classMethod='com.lishuai.web.AboutShowController.about', args=[]}
2019-01-23 14:15:52.114  INFO 4604 --- [http-nio-8080-exec-1] com.lishuai.aspect.LogAspect             : Result : about
2019-01-23 14:15:52.902  INFO 4604 --- [http-nio-8080-exec-3] com.lishuai.aspect.LogAspect             : Request : {url='http://localhost:8080/footer/newblog', ip='0:0:0:0:0:0:0:1', classMethod='com.lishuai.web.IndexController.newblogs', args=[{}]}
2019-01-23 14:15:52.982  INFO 4604 --- [http-nio-8080-exec-3] com.lishuai.aspect.LogAspect             : Result : _fragments :: newblogList
2019-01-23 14:16:51.065  INFO 8348 --- [restartedMain] com.lishuai.BlogApplication              : Starting BlogApplication on PCQUNAR-O7LJDR3 with PID 8348 (E:\JAVA\new_myblog\blog\target\classes started by shui.li in E:\JAVA\new_myblog\blog)
2019-01-23 14:16:51.066  INFO 8348 --- [restartedMain] com.lishuai.BlogApplication              : The following profiles are active: pro
2019-01-23 14:16:59.186  INFO 8348 --- [restartedMain] com.lishuai.BlogApplication              : Started BlogApplication in 8.761 seconds (JVM running for 9.959)
2019-01-23 14:17:03.480  INFO 8348 --- [http-nio-8080-exec-1] com.lishuai.aspect.LogAspect             : Request : {url='http://localhost:8080/about', ip='0:0:0:0:0:0:0:1', classMethod='com.lishuai.web.AboutShowController.about', args=[]}
2019-01-23 14:17:03.484  INFO 8348 --- [http-nio-8080-exec-1] com.lishuai.aspect.LogAspect             : Result : about
2019-01-23 14:17:04.292  INFO 8348 --- [http-nio-8080-exec-3] com.lishuai.aspect.LogAspect             : Request : {url='http://localhost:8080/footer/newblog', ip='0:0:0:0:0:0:0:1', classMethod='com.lishuai.web.IndexController.newblogs', args=[{}]}
2019-01-23 14:17:04.381  INFO 8348 --- [http-nio-8080-exec-3] com.lishuai.aspect.LogAspect             : Result : _fragments :: newblogList
2019-01-23 14:17:28.347  INFO 7740 --- [restartedMain] com.lishuai.BlogApplication              : Starting BlogApplication on PCQUNAR-O7LJDR3 with PID 7740 (E:\JAVA\new_myblog\blog\target\classes started by shui.li in E:\JAVA\new_myblog\blog)
2019-01-23 14:17:28.349  INFO 7740 --- [restartedMain] com.lishuai.BlogApplication              : The following profiles are active: pro
2019-01-23 14:17:36.217  INFO 7740 --- [restartedMain] com.lishuai.BlogApplication              : Started BlogApplication in 8.468 seconds (JVM running for 9.705)
2019-01-23 14:17:38.029  INFO 7740 --- [http-nio-8080-exec-1] com.lishuai.aspect.LogAspect             : Request : {url='http://localhost:8080/about', ip='0:0:0:0:0:0:0:1', classMethod='com.lishuai.web.AboutShowController.about', args=[]}
2019-01-23 14:17:38.033  INFO 7740 --- [http-nio-8080-exec-1] com.lishuai.aspect.LogAspect             : Result : about
2019-01-23 14:17:38.758  INFO 7740 --- [http-nio-8080-exec-3] com.lishuai.aspect.LogAspect             : Request : {url='http://localhost:8080/footer/newblog', ip='0:0:0:0:0:0:0:1', classMethod='com.lishuai.web.IndexController.newblogs', args=[{}]}
2019-01-23 14:17:38.834  INFO 7740 --- [http-nio-8080-exec-3] com.lishuai.aspect.LogAspect             : Result : _fragments :: newblogList
2019-01-23 16:34:08.070  INFO 7156 --- [restartedMain] com.lishuai.BlogApplication              : Starting BlogApplication on PCQUNAR-O7LJDR3 with PID 7156 (E:\JAVA\new_myblog\blog\target\classes started by shui.li in E:\JAVA\new_myblog\blog)
2019-01-23 16:34:08.071  INFO 7156 --- [restartedMain] com.lishuai.BlogApplication              : The following profiles are active: pro
2019-01-23 16:34:16.177  INFO 7156 --- [restartedMain] com.lishuai.BlogApplication              : Started BlogApplication in 8.758 seconds (JVM running for 9.936)
2019-01-23 16:34:34.457  INFO 7156 --- [http-nio-8080-exec-1] com.lishuai.aspect.LogAspect             : Request : {url='http://localhost:8080/about', ip='0:0:0:0:0:0:0:1', classMethod='com.lishuai.web.AboutShowController.about', args=[]}
2019-01-23 16:34:34.462  INFO 7156 --- [http-nio-8080-exec-1] com.lishuai.aspect.LogAspect             : Result : about
2019-01-23 16:34:35.519  INFO 7156 --- [http-nio-8080-exec-3] com.lishuai.aspect.LogAspect             : Request : {url='http://localhost:8080/footer/newblog', ip='0:0:0:0:0:0:0:1', classMethod='com.lishuai.web.IndexController.newblogs', args=[{}]}
2019-01-23 16:34:35.605  INFO 7156 --- [http-nio-8080-exec-3] com.lishuai.aspect.LogAspect             : Result : _fragments :: newblogList
2019-01-23 16:35:27.654  INFO 10672 --- [restartedMain] com.lishuai.BlogApplication              : Starting BlogApplication on PCQUNAR-O7LJDR3 with PID 10672 (E:\JAVA\new_myblog\blog\target\classes started by shui.li in E:\JAVA\new_myblog\blog)
2019-01-23 16:35:27.655  INFO 10672 --- [restartedMain] com.lishuai.BlogApplication              : The following profiles are active: pro
2019-01-23 16:35:34.885  INFO 10672 --- [restartedMain] com.lishuai.BlogApplication              : Started BlogApplication in 7.838 seconds (JVM running for 8.964)
2019-01-23 16:36:21.511  INFO 10672 --- [http-nio-8080-exec-1] com.lishuai.aspect.LogAspect             : Request : {url='http://localhost:8080/about', ip='0:0:0:0:0:0:0:1', classMethod='com.lishuai.web.AboutShowController.about', args=[]}
2019-01-23 16:36:21.515  INFO 10672 --- [http-nio-8080-exec-1] com.lishuai.aspect.LogAspect             : Result : about
2019-01-23 16:36:22.366  INFO 10672 --- [http-nio-8080-exec-2] com.lishuai.aspect.LogAspect             : Request : {url='http://localhost:8080/footer/newblog', ip='0:0:0:0:0:0:0:1', classMethod='com.lishuai.web.IndexController.newblogs', args=[{}]}
2019-01-23 16:36:22.449  INFO 10672 --- [http-nio-8080-exec-2] com.lishuai.aspect.LogAspect             : Result : _fragments :: newblogList
2019-01-23 16:36:28.294  INFO 2036 --- [restartedMain] com.lishuai.BlogApplication              : Starting BlogApplication on PCQUNAR-O7LJDR3 with PID 2036 (E:\JAVA\new_myblog\blog\target\classes started by shui.li in E:\JAVA\new_myblog\blog)
2019-01-23 16:36:28.295  INFO 2036 --- [restartedMain] com.lishuai.BlogApplication              : The following profiles are active: pro
2019-01-23 16:36:35.993  INFO 2036 --- [restartedMain] com.lishuai.BlogApplication              : Started BlogApplication in 8.32 seconds (JVM running for 9.46)
2019-01-23 16:37:39.316  INFO 2036 --- [http-nio-8080-exec-1] com.lishuai.aspect.LogAspect             : Request : {url='http://localhost:8080/about', ip='0:0:0:0:0:0:0:1', classMethod='com.lishuai.web.AboutShowController.about', args=[]}
2019-01-23 16:37:39.321  INFO 2036 --- [http-nio-8080-exec-1] com.lishuai.aspect.LogAspect             : Result : about
2019-01-23 16:37:40.144  INFO 2036 --- [http-nio-8080-exec-2] com.lishuai.aspect.LogAspect             : Request : {url='http://localhost:8080/footer/newblog', ip='0:0:0:0:0:0:0:1', classMethod='com.lishuai.web.IndexController.newblogs', args=[{}]}
2019-01-23 16:37:40.217  INFO 2036 --- [http-nio-8080-exec-2] com.lishuai.aspect.LogAspect             : Result : _fragments :: newblogList
2019-01-23 16:39:09.616  INFO 10432 --- [restartedMain] com.lishuai.BlogApplication              : Starting BlogApplication on PCQUNAR-O7LJDR3 with PID 10432 (E:\JAVA\new_myblog\blog\target\classes started by shui.li in E:\JAVA\new_myblog\blog)
2019-01-23 16:39:09.617  INFO 10432 --- [restartedMain] com.lishuai.BlogApplication              : The following profiles are active: pro
2019-01-23 16:39:17.984  INFO 10432 --- [restartedMain] com.lishuai.BlogApplication              : Started BlogApplication in 8.895 seconds (JVM running for 10.036)
2019-01-23 16:39:43.312  INFO 10400 --- [restartedMain] com.lishuai.BlogApplication              : Starting BlogApplication on PCQUNAR-O7LJDR3 with PID 10400 (E:\JAVA\new_myblog\blog\target\classes started by shui.li in E:\JAVA\new_myblog\blog)
2019-01-23 16:39:43.313  INFO 10400 --- [restartedMain] com.lishuai.BlogApplication              : The following profiles are active: pro
2019-01-23 16:39:50.585  INFO 10400 --- [restartedMain] com.lishuai.BlogApplication              : Started BlogApplication in 7.815 seconds (JVM running for 9.034)
2019-01-23 16:40:02.983  INFO 10400 --- [http-nio-8080-exec-1] com.lishuai.aspect.LogAspect             : Request : {url='http://localhost:8080/about', ip='0:0:0:0:0:0:0:1', classMethod='com.lishuai.web.AboutShowController.about', args=[]}
2019-01-23 16:40:02.987  INFO 10400 --- [http-nio-8080-exec-1] com.lishuai.aspect.LogAspect             : Result : about
2019-01-23 16:40:03.746  INFO 10400 --- [http-nio-8080-exec-2] com.lishuai.aspect.LogAspect             : Request : {url='http://localhost:8080/footer/newblog', ip='0:0:0:0:0:0:0:1', classMethod='com.lishuai.web.IndexController.newblogs', args=[{}]}
2019-01-23 16:40:03.837  INFO 10400 --- [http-nio-8080-exec-2] com.lishuai.aspect.LogAspect             : Result : _fragments :: newblogList
2019-01-23 16:43:07.354  INFO 9948 --- [restartedMain] com.lishuai.BlogApplication              : Starting BlogApplication on PCQUNAR-O7LJDR3 with PID 9948 (E:\JAVA\new_myblog\blog\target\classes started by shui.li in E:\JAVA\new_myblog\blog)
2019-01-23 16:43:07.356  INFO 9948 --- [restartedMain] com.lishuai.BlogApplication              : The following profiles are active: pro
2019-01-23 16:43:14.877  INFO 9948 --- [restartedMain] com.lishuai.BlogApplication              : Started BlogApplication in 8.063 seconds (JVM running for 9.212)
2019-01-23 16:48:00.619  INFO 9512 --- [restartedMain] com.lishuai.BlogApplication              : Starting BlogApplication on PCQUNAR-O7LJDR3 with PID 9512 (E:\JAVA\new_myblog\blog\target\classes started by shui.li in E:\JAVA\new_myblog\blog)
2019-01-23 16:48:00.620  INFO 9512 --- [restartedMain] com.lishuai.BlogApplication              : The following profiles are active: pro
2019-01-23 16:48:08.210  INFO 9512 --- [restartedMain] com.lishuai.BlogApplication              : Started BlogApplication in 8.425 seconds (JVM running for 10.071)
2019-01-23 16:48:10.167  INFO 9512 --- [http-nio-8080-exec-1] com.lishuai.aspect.LogAspect             : Request : {url='http://localhost:8080/about', ip='0:0:0:0:0:0:0:1', classMethod='com.lishuai.web.AboutShowController.about', args=[]}
2019-01-23 16:48:10.172  INFO 9512 --- [http-nio-8080-exec-1] com.lishuai.aspect.LogAspect             : Result : about
2019-01-23 16:48:11.032  INFO 9512 --- [http-nio-8080-exec-2] com.lishuai.aspect.LogAspect             : Request : {url='http://localhost:8080/footer/newblog', ip='0:0:0:0:0:0:0:1', classMethod='com.lishuai.web.IndexController.newblogs', args=[{}]}
2019-01-23 16:48:11.123  INFO 9512 --- [http-nio-8080-exec-2] com.lishuai.aspect.LogAspect             : Result : _fragments :: newblogList
2019-01-23 16:48:33.086  INFO 9512 --- [http-nio-8080-exec-4] com.lishuai.aspect.LogAspect             : Request : {url='http://localhost:8080/types/-1', ip='0:0:0:0:0:0:0:1', classMethod='com.lishuai.web.TypeShowController.types', args=[Page request [number: 0, size 8, sort: updateTime: DESC], -1, {}]}
2019-01-23 16:48:33.100  WARN 9512 --- [http-nio-8080-exec-4] org.hibernate.orm.deprecation            : HHH90000016: Found use of deprecated 'collection property' syntax in HQL/JPQL query [null.size]; use collection function syntax instead [size(null)].
2019-01-23 16:48:33.120 ERROR 9512 --- [http-nio-8080-exec-4] c.l.handler.ControllerExceptionHandler   : Requst URL : http://localhost:8080/types/-1，Exception : {}

java.lang.IndexOutOfBoundsException: Index: 0, Size: 0
	at java.util.ArrayList.rangeCheck(ArrayList.java:657)
	at java.util.ArrayList.get(ArrayList.java:433)
	at com.lishuai.web.TypeShowController.types(TypeShowController.java:34)
	at com.lishuai.web.TypeShowController$$FastClassBySpringCGLIB$$71b97f1d.invoke(<generated>)
	at org.springframework.cglib.proxy.MethodProxy.invoke(MethodProxy.java:204)
	at org.springframework.aop.framework.CglibAopProxy$CglibMethodInvocation.invokeJoinpoint(CglibAopProxy.java:738)
	at org.springframework.aop.framework.ReflectiveMethodInvocation.proceed(ReflectiveMethodInvocation.java:157)
	at org.springframework.aop.framework.adapter.MethodBeforeAdviceInterceptor.invoke(MethodBeforeAdviceInterceptor.java:52)
	at org.springframework.aop.framework.ReflectiveMethodInvocation.proceed(ReflectiveMethodInvocation.java:179)
	at org.springframework.aop.aspectj.AspectJAfterAdvice.invoke(AspectJAfterAdvice.java:47)
	at org.springframework.aop.framework.ReflectiveMethodInvocation.proceed(ReflectiveMethodInvocation.java:179)
	at org.springframework.aop.framework.adapter.AfterReturningAdviceInterceptor.invoke(AfterReturningAdviceInterceptor.java:52)
	at org.springframework.aop.framework.ReflectiveMethodInvocation.proceed(ReflectiveMethodInvocation.java:179)
	at org.springframework.aop.interceptor.ExposeInvocationInterceptor.invoke(ExposeInvocationInterceptor.java:92)
	at org.springframework.aop.framework.ReflectiveMethodInvocation.proceed(ReflectiveMethodInvocation.java:179)
	at org.springframework.aop.framework.CglibAopProxy$DynamicAdvisedInterceptor.intercept(CglibAopProxy.java:673)
	at com.lishuai.web.TypeShowController$$EnhancerBySpringCGLIB$$9d97377b.types(<generated>)
	at sun.reflect.NativeMethodAccessorImpl.invoke0(Native Method)
	at sun.reflect.NativeMethodAccessorImpl.invoke(NativeMethodAccessorImpl.java:62)
	at sun.reflect.DelegatingMethodAccessorImpl.invoke(DelegatingMethodAccessorImpl.java:43)
	at java.lang.reflect.Method.invoke(Method.java:498)
	at org.springframework.web.method.support.InvocableHandlerMethod.doInvoke(InvocableHandlerMethod.java:205)
	at org.springframework.web.method.support.InvocableHandlerMethod.invokeForRequest(InvocableHandlerMethod.java:133)
	at org.springframework.web.servlet.mvc.method.annotation.ServletInvocableHandlerMethod.invokeAndHandle(ServletInvocableHandlerMethod.java:97)
	at org.springframework.web.servlet.mvc.method.annotation.RequestMappingHandlerAdapter.invokeHandlerMethod(RequestMappingHandlerAdapter.java:827)
	at org.springframework.web.servlet.mvc.method.annotation.RequestMappingHandlerAdapter.handleInternal(RequestMappingHandlerAdapter.java:738)
	at org.springframework.web.servlet.mvc.method.AbstractHandlerMethodAdapter.handle(AbstractHandlerMethodAdapter.java:85)
	at org.springframework.web.servlet.DispatcherServlet.doDispatch(DispatcherServlet.java:967)
	at org.springframework.web.servlet.DispatcherServlet.doService(DispatcherServlet.java:901)
	at org.springframework.web.servlet.FrameworkServlet.processRequest(FrameworkServlet.java:970)
	at org.springframework.web.servlet.FrameworkServlet.doGet(FrameworkServlet.java:861)
	at javax.servlet.http.HttpServlet.service(HttpServlet.java:635)
	at org.springframework.web.servlet.FrameworkServlet.service(FrameworkServlet.java:846)
	at javax.servlet.http.HttpServlet.service(HttpServlet.java:742)
	at org.apache.catalina.core.ApplicationFilterChain.internalDoFilter(ApplicationFilterChain.java:231)
	at org.apache.catalina.core.ApplicationFilterChain.doFilter(ApplicationFilterChain.java:166)
	at org.apache.tomcat.websocket.server.WsFilter.doFilter(WsFilter.java:52)
	at org.apache.catalina.core.ApplicationFilterChain.internalDoFilter(ApplicationFilterChain.java:193)
	at org.apache.catalina.core.ApplicationFilterChain.doFilter(ApplicationFilterChain.java:166)
	at org.springframework.web.filter.RequestContextFilter.doFilterInternal(RequestContextFilter.java:99)
	at org.springframework.web.filter.OncePerRequestFilter.doFilter(OncePerRequestFilter.java:107)
	at org.apache.catalina.core.ApplicationFilterChain.internalDoFilter(ApplicationFilterChain.java:193)
	at org.apache.catalina.core.ApplicationFilterChain.doFilter(ApplicationFilterChain.java:166)
	at org.springframework.web.filter.HttpPutFormContentFilter.doFilterInternal(HttpPutFormContentFilter.java:108)
	at org.springframework.web.filter.OncePerRequestFilter.doFilter(OncePerRequestFilter.java:107)
	at org.apache.catalina.core.ApplicationFilterChain.internalDoFilter(ApplicationFilterChain.java:193)
	at org.apache.catalina.core.ApplicationFilterChain.doFilter(ApplicationFilterChain.java:166)
	at org.springframework.web.filter.HiddenHttpMethodFilter.doFilterInternal(HiddenHttpMethodFilter.java:81)
	at org.springframework.web.filter.OncePerRequestFilter.doFilter(OncePerRequestFilter.java:107)
	at org.apache.catalina.core.ApplicationFilterChain.internalDoFilter(ApplicationFilterChain.java:193)
	at org.apache.catalina.core.ApplicationFilterChain.doFilter(ApplicationFilterChain.java:166)
	at org.springframework.web.filter.CharacterEncodingFilter.doFilterInternal(CharacterEncodingFilter.java:197)
	at org.springframework.web.filter.OncePerRequestFilter.doFilter(OncePerRequestFilter.java:107)
	at org.apache.catalina.core.ApplicationFilterChain.internalDoFilter(ApplicationFilterChain.java:193)
	at org.apache.catalina.core.ApplicationFilterChain.doFilter(ApplicationFilterChain.java:166)
	at org.apache.catalina.core.StandardWrapperValve.invoke(StandardWrapperValve.java:198)
	at org.apache.catalina.core.StandardContextValve.invoke(StandardContextValve.java:96)
	at org.apache.catalina.authenticator.AuthenticatorBase.invoke(AuthenticatorBase.java:478)
	at org.apache.catalina.core.StandardHostValve.invoke(StandardHostValve.java:140)
	at org.apache.catalina.valves.ErrorReportValve.invoke(ErrorReportValve.java:80)
	at org.apache.catalina.core.StandardEngineValve.invoke(StandardEngineValve.java:87)
	at org.apache.catalina.connector.CoyoteAdapter.service(CoyoteAdapter.java:342)
	at org.apache.coyote.http11.Http11Processor.service(Http11Processor.java:799)
	at org.apache.coyote.AbstractProcessorLight.process(AbstractProcessorLight.java:66)
	at org.apache.coyote.AbstractProtocol$ConnectionHandler.process(AbstractProtocol.java:868)
	at org.apache.tomcat.util.net.NioEndpoint$SocketProcessor.doRun(NioEndpoint.java:1457)
	at org.apache.tomcat.util.net.SocketProcessorBase.run(SocketProcessorBase.java:49)
	at java.util.concurrent.ThreadPoolExecutor.runWorker(ThreadPoolExecutor.java:1149)
	at java.util.concurrent.ThreadPoolExecutor$Worker.run(ThreadPoolExecutor.java:624)
	at org.apache.tomcat.util.threads.TaskThread$WrappingRunnable.run(TaskThread.java:61)
	at java.lang.Thread.run(Thread.java:748)

2019-01-23 16:48:33.125  WARN 9512 --- [http-nio-8080-exec-4] .m.m.a.ExceptionHandlerExceptionResolver : Resolved exception caused by Handler execution: java.lang.IndexOutOfBoundsException: Index: 0, Size: 0
2019-01-23 16:48:39.127  INFO 9512 --- [http-nio-8080-exec-5] com.lishuai.aspect.LogAspect             : Request : {url='http://localhost:8080/about', ip='0:0:0:0:0:0:0:1', classMethod='com.lishuai.web.AboutShowController.about', args=[]}
2019-01-23 16:48:39.128  INFO 9512 --- [http-nio-8080-exec-5] com.lishuai.aspect.LogAspect             : Result : about
2019-01-23 16:48:39.524  INFO 9512 --- [http-nio-8080-exec-6] com.lishuai.aspect.LogAspect             : Request : {url='http://localhost:8080/footer/newblog', ip='0:0:0:0:0:0:0:1', classMethod='com.lishuai.web.IndexController.newblogs', args=[{}]}
2019-01-23 16:48:39.542  INFO 9512 --- [http-nio-8080-exec-6] com.lishuai.aspect.LogAspect             : Result : _fragments :: newblogList
2019-01-23 17:10:05.809  INFO 9796 --- [restartedMain] com.lishuai.BlogApplication              : Starting BlogApplication on PCQUNAR-O7LJDR3 with PID 9796 (E:\JAVA\new_myblog\blog\target\classes started by shui.li in E:\JAVA\new_myblog\blog)
2019-01-23 17:10:05.810  INFO 9796 --- [restartedMain] com.lishuai.BlogApplication              : The following profiles are active: pro
2019-01-23 17:10:13.357  INFO 9796 --- [restartedMain] com.lishuai.BlogApplication              : Started BlogApplication in 8.099 seconds (JVM running for 9.218)
2019-01-23 17:10:44.107  INFO 9796 --- [http-nio-8080-exec-1] com.lishuai.aspect.LogAspect             : Request : {url='http://localhost:8080/', ip='0:0:0:0:0:0:0:1', classMethod='com.lishuai.web.IndexController.index', args=[Page request [number: 0, size 8, sort: updateTime: DESC], {}]}
2019-01-23 17:10:44.260  WARN 9796 --- [http-nio-8080-exec-1] org.hibernate.orm.deprecation            : HHH90000016: Found use of deprecated 'collection property' syntax in HQL/JPQL query [null.size]; use collection function syntax instead [size(null)].
2019-01-23 17:10:44.282  WARN 9796 --- [http-nio-8080-exec-1] org.hibernate.orm.deprecation            : HHH90000016: Found use of deprecated 'collection property' syntax in HQL/JPQL query [null.size]; use collection function syntax instead [size(null)].
2019-01-23 17:10:44.313  INFO 9796 --- [http-nio-8080-exec-1] com.lishuai.aspect.LogAspect             : Result : index
2019-01-23 17:10:45.316  INFO 9796 --- [http-nio-8080-exec-4] com.lishuai.aspect.LogAspect             : Request : {url='http://localhost:8080/footer/newblog', ip='0:0:0:0:0:0:0:1', classMethod='com.lishuai.web.IndexController.newblogs', args=[{}]}
2019-01-23 17:10:45.345  INFO 9796 --- [http-nio-8080-exec-4] com.lishuai.aspect.LogAspect             : Result : _fragments :: newblogList
2019-01-23 17:14:16.455  INFO 10632 --- [restartedMain] com.lishuai.BlogApplication              : Starting BlogApplication on PCQUNAR-O7LJDR3 with PID 10632 (E:\JAVA\new_myblog\blog\target\classes started by shui.li in E:\JAVA\new_myblog\blog)
2019-01-23 17:14:16.457  INFO 10632 --- [restartedMain] com.lishuai.BlogApplication              : The following profiles are active: pro
2019-01-23 17:14:23.741  INFO 10632 --- [restartedMain] com.lishuai.BlogApplication              : Started BlogApplication in 7.838 seconds (JVM running for 9.217)
2019-01-23 17:14:46.086  INFO 10632 --- [http-nio-8080-exec-1] com.lishuai.aspect.LogAspect             : Request : {url='http://localhost:8080/', ip='0:0:0:0:0:0:0:1', classMethod='com.lishuai.web.IndexController.index', args=[Page request [number: 0, size 8, sort: updateTime: DESC], {}]}
2019-01-23 17:14:46.241  WARN 10632 --- [http-nio-8080-exec-1] org.hibernate.orm.deprecation            : HHH90000016: Found use of deprecated 'collection property' syntax in HQL/JPQL query [null.size]; use collection function syntax instead [size(null)].
2019-01-23 17:14:46.259  WARN 10632 --- [http-nio-8080-exec-1] org.hibernate.orm.deprecation            : HHH90000016: Found use of deprecated 'collection property' syntax in HQL/JPQL query [null.size]; use collection function syntax instead [size(null)].
2019-01-23 17:14:46.279  INFO 10632 --- [http-nio-8080-exec-1] com.lishuai.aspect.LogAspect             : Result : index
2019-01-23 17:14:47.222  INFO 10632 --- [http-nio-8080-exec-3] com.lishuai.aspect.LogAspect             : Request : {url='http://localhost:8080/footer/newblog', ip='0:0:0:0:0:0:0:1', classMethod='com.lishuai.web.IndexController.newblogs', args=[{}]}
2019-01-23 17:14:47.246  INFO 10632 --- [http-nio-8080-exec-3] com.lishuai.aspect.LogAspect             : Result : _fragments :: newblogList
2019-01-23 17:15:06.869  INFO 10928 --- [restartedMain] com.lishuai.BlogApplication              : Starting BlogApplication on PCQUNAR-O7LJDR3 with PID 10928 (E:\JAVA\new_myblog\blog\target\classes started by shui.li in E:\JAVA\new_myblog\blog)
2019-01-23 17:15:06.870  INFO 10928 --- [restartedMain] com.lishuai.BlogApplication              : The following profiles are active: pro
2019-01-23 17:15:14.629  INFO 10928 --- [restartedMain] com.lishuai.BlogApplication              : Started BlogApplication in 8.316 seconds (JVM running for 9.615)
2019-01-23 17:15:26.520  INFO 10928 --- [http-nio-8080-exec-1] com.lishuai.aspect.LogAspect             : Request : {url='http://localhost:8080/', ip='0:0:0:0:0:0:0:1', classMethod='com.lishuai.web.IndexController.index', args=[Page request [number: 0, size 8, sort: updateTime: DESC], {}]}
2019-01-23 17:15:26.671  WARN 10928 --- [http-nio-8080-exec-1] org.hibernate.orm.deprecation            : HHH90000016: Found use of deprecated 'collection property' syntax in HQL/JPQL query [null.size]; use collection function syntax instead [size(null)].
2019-01-23 17:15:26.688  WARN 10928 --- [http-nio-8080-exec-1] org.hibernate.orm.deprecation            : HHH90000016: Found use of deprecated 'collection property' syntax in HQL/JPQL query [null.size]; use collection function syntax instead [size(null)].
2019-01-23 17:15:26.706  INFO 10928 --- [http-nio-8080-exec-1] com.lishuai.aspect.LogAspect             : Result : index
2019-01-23 17:15:27.799  INFO 10928 --- [http-nio-8080-exec-3] com.lishuai.aspect.LogAspect             : Request : {url='http://localhost:8080/footer/newblog', ip='0:0:0:0:0:0:0:1', classMethod='com.lishuai.web.IndexController.newblogs', args=[{}]}
2019-01-23 17:15:27.826  INFO 10928 --- [http-nio-8080-exec-3] com.lishuai.aspect.LogAspect             : Result : _fragments :: newblogList
2019-01-23 17:16:32.259  INFO 7800 --- [restartedMain] com.lishuai.BlogApplication              : Starting BlogApplication on PCQUNAR-O7LJDR3 with PID 7800 (E:\JAVA\new_myblog\blog\target\classes started by shui.li in E:\JAVA\new_myblog\blog)
2019-01-23 17:16:32.260  INFO 7800 --- [restartedMain] com.lishuai.BlogApplication              : The following profiles are active: pro
2019-01-23 17:16:40.494  INFO 7800 --- [restartedMain] com.lishuai.BlogApplication              : Started BlogApplication in 8.807 seconds (JVM running for 10.313)
2019-01-23 17:16:41.707  INFO 7800 --- [http-nio-8080-exec-1] com.lishuai.aspect.LogAspect             : Request : {url='http://localhost:8080/', ip='0:0:0:0:0:0:0:1', classMethod='com.lishuai.web.IndexController.index', args=[Page request [number: 0, size 8, sort: updateTime: DESC], {}]}
2019-01-23 17:16:42.315  WARN 7800 --- [http-nio-8080-exec-1] org.hibernate.orm.deprecation            : HHH90000016: Found use of deprecated 'collection property' syntax in HQL/JPQL query [null.size]; use collection function syntax instead [size(null)].
2019-01-23 17:16:42.336  WARN 7800 --- [http-nio-8080-exec-1] org.hibernate.orm.deprecation            : HHH90000016: Found use of deprecated 'collection property' syntax in HQL/JPQL query [null.size]; use collection function syntax instead [size(null)].
2019-01-23 17:16:42.355  INFO 7800 --- [http-nio-8080-exec-1] com.lishuai.aspect.LogAspect             : Result : index
2019-01-23 17:16:43.197  INFO 7800 --- [http-nio-8080-exec-3] com.lishuai.aspect.LogAspect             : Request : {url='http://localhost:8080/footer/newblog', ip='0:0:0:0:0:0:0:1', classMethod='com.lishuai.web.IndexController.newblogs', args=[{}]}
2019-01-23 17:16:43.221  INFO 7800 --- [http-nio-8080-exec-3] com.lishuai.aspect.LogAspect             : Result : _fragments :: newblogList
2019-01-23 17:17:49.916  INFO 7800 --- [http-nio-8080-exec-6] com.lishuai.aspect.LogAspect             : Request : {url='http://localhost:8080/', ip='0:0:0:0:0:0:0:1', classMethod='com.lishuai.web.IndexController.index', args=[Page request [number: 0, size 8, sort: updateTime: DESC], {}]}
2019-01-23 17:17:50.002  INFO 7800 --- [http-nio-8080-exec-6] com.lishuai.aspect.LogAspect             : Result : index
2019-01-23 17:17:50.364  INFO 7800 --- [http-nio-8080-exec-8] com.lishuai.aspect.LogAspect             : Request : {url='http://localhost:8080/footer/newblog', ip='0:0:0:0:0:0:0:1', classMethod='com.lishuai.web.IndexController.newblogs', args=[{}]}
2019-01-23 17:17:50.390  INFO 7800 --- [http-nio-8080-exec-8] com.lishuai.aspect.LogAspect             : Result : _fragments :: newblogList
2019-01-23 17:19:20.284  INFO 7800 --- [http-nio-8080-exec-1] com.lishuai.aspect.LogAspect             : Request : {url='http://localhost:8080/about', ip='0:0:0:0:0:0:0:1', classMethod='com.lishuai.web.AboutShowController.about', args=[]}
2019-01-23 17:19:20.289  INFO 7800 --- [http-nio-8080-exec-1] com.lishuai.aspect.LogAspect             : Result : about
2019-01-23 17:19:20.722  INFO 7800 --- [http-nio-8080-exec-2] com.lishuai.aspect.LogAspect             : Request : {url='http://localhost:8080/footer/newblog', ip='0:0:0:0:0:0:0:1', classMethod='com.lishuai.web.IndexController.newblogs', args=[{}]}
2019-01-23 17:19:20.750  INFO 7800 --- [http-nio-8080-exec-2] com.lishuai.aspect.LogAspect             : Result : _fragments :: newblogList
2019-01-23 17:20:10.603  INFO 7800 --- [http-nio-8080-exec-4] com.lishuai.aspect.LogAspect             : Request : {url='http://localhost:8080/', ip='0:0:0:0:0:0:0:1', classMethod='com.lishuai.web.IndexController.index', args=[Page request [number: 0, size 8, sort: updateTime: DESC], {}]}
2019-01-23 17:20:10.686  INFO 7800 --- [http-nio-8080-exec-4] com.lishuai.aspect.LogAspect             : Result : index
2019-01-23 17:20:11.212  INFO 7800 --- [http-nio-8080-exec-6] com.lishuai.aspect.LogAspect             : Request : {url='http://localhost:8080/footer/newblog', ip='0:0:0:0:0:0:0:1', classMethod='com.lishuai.web.IndexController.newblogs', args=[{}]}
2019-01-23 17:20:11.235  INFO 7800 --- [http-nio-8080-exec-6] com.lishuai.aspect.LogAspect             : Result : _fragments :: newblogList
2019-01-23 17:21:39.633  INFO 7800 --- [http-nio-8080-exec-9] com.lishuai.aspect.LogAspect             : Request : {url='http://localhost:8080/blog/1', ip='0:0:0:0:0:0:0:1', classMethod='com.lishuai.web.IndexController.blog', args=[1, {}]}
2019-01-23 17:21:39.732  INFO 7800 --- [http-nio-8080-exec-9] com.lishuai.aspect.LogAspect             : Result : blog
2019-01-23 17:21:40.234  INFO 7800 --- [http-nio-8080-exec-1] com.lishuai.aspect.LogAspect             : Request : {url='http://localhost:8080/footer/newblog', ip='0:0:0:0:0:0:0:1', classMethod='com.lishuai.web.IndexController.newblogs', args=[{}]}
2019-01-23 17:21:40.256  INFO 7800 --- [http-nio-8080-exec-1] com.lishuai.aspect.LogAspect             : Result : _fragments :: newblogList
2019-01-23 17:21:40.363  INFO 7800 --- [http-nio-8080-exec-2] com.lishuai.aspect.LogAspect             : Request : {url='http://localhost:8080/comments/1', ip='0:0:0:0:0:0:0:1', classMethod='com.lishuai.web.CommentController.comments', args=[1, {}]}
2019-01-23 17:21:40.402  INFO 7800 --- [http-nio-8080-exec-2] com.lishuai.aspect.LogAspect             : Result : blog :: commentList
2019-01-23 17:22:23.604  INFO 7800 --- [http-nio-8080-exec-3] com.lishuai.aspect.LogAspect             : Request : {url='http://localhost:8080/search', ip='0:0:0:0:0:0:0:1', classMethod='com.lishuai.web.IndexController.search', args=[Page request [number: 0, size 8, sort: updateTime: DESC], shiyong, {}]}
2019-01-23 17:22:23.622  INFO 7800 --- [http-nio-8080-exec-3] com.lishuai.aspect.LogAspect             : Result : search
2019-01-23 17:22:30.319  INFO 7800 --- [http-nio-8080-exec-4] com.lishuai.aspect.LogAspect             : Request : {url='http://localhost:8080/search', ip='0:0:0:0:0:0:0:1', classMethod='com.lishuai.web.IndexController.search', args=[Page request [number: 0, size 8, sort: updateTime: DESC], 百度, {}]}
2019-01-23 17:22:30.345  INFO 7800 --- [http-nio-8080-exec-4] com.lishuai.aspect.LogAspect             : Result : search
2019-01-23 17:22:36.397  INFO 7800 --- [http-nio-8080-exec-5] com.lishuai.aspect.LogAspect             : Request : {url='http://localhost:8080/', ip='0:0:0:0:0:0:0:1', classMethod='com.lishuai.web.IndexController.index', args=[Page request [number: 0, size 8, sort: updateTime: DESC], {}]}
2019-01-23 17:22:36.479  INFO 7800 --- [http-nio-8080-exec-5] com.lishuai.aspect.LogAspect             : Result : index
2019-01-23 17:22:36.802  INFO 7800 --- [http-nio-8080-exec-7] com.lishuai.aspect.LogAspect             : Request : {url='http://localhost:8080/footer/newblog', ip='0:0:0:0:0:0:0:1', classMethod='com.lishuai.web.IndexController.newblogs', args=[{}]}
2019-01-23 17:22:36.824  INFO 7800 --- [http-nio-8080-exec-7] com.lishuai.aspect.LogAspect             : Result : _fragments :: newblogList
